Using pre-set license
Built from '2022.3/staging' branch; Version is '2022.3.7f1 (b16b3b16c7a0) revision 11627323'; Using compiler version '192829333'; Build Type 'Release'
OS: 'Windows 11  (10.0.22000) 64bit Education' Language: 'ko' Physical Memory: 16108 MB
BatchMode: 1, IsHumanControllingUs: 0, StartBugReporterOnCrash: 0, Is64bit: 1, IsPro: 1

COMMAND LINE ARGUMENTS:
C:\Program Files\Unity\Hub\Editor\2022.3.7f1\Editor\Unity.exe
-adb2
-batchMode
-noUpm
-name
AssetImportWorker0
-projectPath
C:/UnityProject/tempProject_GP
-logFile
Logs/AssetImportWorker0.log
-srvPort
60878
Successfully changed project path to: C:/UnityProject/tempProject_GP
C:/UnityProject/tempProject_GP
[UnityMemory] Configuration Parameters - Can be set up in boot.config
    "memorysetup-bucket-allocator-granularity=16"
    "memorysetup-bucket-allocator-bucket-count=8"
    "memorysetup-bucket-allocator-block-size=33554432"
    "memorysetup-bucket-allocator-block-count=8"
    "memorysetup-main-allocator-block-size=16777216"
    "memorysetup-thread-allocator-block-size=16777216"
    "memorysetup-gfx-main-allocator-block-size=16777216"
    "memorysetup-gfx-thread-allocator-block-size=16777216"
    "memorysetup-cache-allocator-block-size=4194304"
    "memorysetup-typetree-allocator-block-size=2097152"
    "memorysetup-profiler-bucket-allocator-granularity=16"
    "memorysetup-profiler-bucket-allocator-bucket-count=8"
    "memorysetup-profiler-bucket-allocator-block-size=33554432"
    "memorysetup-profiler-bucket-allocator-block-count=8"
    "memorysetup-profiler-allocator-block-size=16777216"
    "memorysetup-profiler-editor-allocator-block-size=1048576"
    "memorysetup-temp-allocator-size-main=16777216"
    "memorysetup-job-temp-allocator-block-size=2097152"
    "memorysetup-job-temp-allocator-block-size-background=1048576"
    "memorysetup-job-temp-allocator-reduction-small-platforms=262144"
    "memorysetup-allocator-temp-initial-block-size-main=262144"
    "memorysetup-allocator-temp-initial-block-size-worker=262144"
    "memorysetup-temp-allocator-size-background-worker=32768"
    "memorysetup-temp-allocator-size-job-worker=262144"
    "memorysetup-temp-allocator-size-preload-manager=33554432"
    "memorysetup-temp-allocator-size-nav-mesh-worker=65536"
    "memorysetup-temp-allocator-size-audio-worker=65536"
    "memorysetup-temp-allocator-size-cloud-worker=32768"
    "memorysetup-temp-allocator-size-gi-baking-worker=262144"
    "memorysetup-temp-allocator-size-gfx=262144"
Player connection [29084] Host "[IP] 192.168.50.69 [Port] 0 [Flags] 2 [Guid] 658504271 [EditorId] 658504271 [Version] 1048832 [Id] WindowsEditor(7,DESKTOP-333OQPL) [Debug] 1 [PackageName] WindowsEditor [ProjectName] Editor" joined multi-casting on [225.0.0.222:54997]...

Player connection [29084] Host "[IP] 192.168.50.69 [Port] 0 [Flags] 2 [Guid] 658504271 [EditorId] 658504271 [Version] 1048832 [Id] WindowsEditor(7,DESKTOP-333OQPL) [Debug] 1 [PackageName] WindowsEditor [ProjectName] Editor" joined alternative multi-casting on [225.0.0.222:34997]...

Refreshing native plugins compatible for Editor in 10.81 ms, found 3 plugins.
Preloading 0 native plugins for Editor in 0.00 ms.
Initialize engine version: 2022.3.7f1 (b16b3b16c7a0)
[Subsystems] Discovering subsystems at path C:/Program Files/Unity/Hub/Editor/2022.3.7f1/Editor/Data/Resources/UnitySubsystems
[Subsystems] Discovering subsystems at path C:/UnityProject/tempProject_GP/Assets
GfxDevice: creating device client; threaded=0; jobified=0
Direct3D:
    Version:  Direct3D 11.0 [level 11.1]
    Renderer: NVIDIA GeForce RTX 3070 Laptop GPU (ID=0x249d)
    Vendor:   NVIDIA
    VRAM:     8033 MB
    Driver:   31.0.15.2698
Initialize mono
Mono path[0] = 'C:/Program Files/Unity/Hub/Editor/2022.3.7f1/Editor/Data/Managed'
Mono path[1] = 'C:/Program Files/Unity/Hub/Editor/2022.3.7f1/Editor/Data/MonoBleedingEdge/lib/mono/unityjit-win32'
Mono config path = 'C:/Program Files/Unity/Hub/Editor/2022.3.7f1/Editor/Data/MonoBleedingEdge/etc'
Using monoOptions --debugger-agent=transport=dt_socket,embedding=1,server=y,suspend=n,address=127.0.0.1:56004
Begin MonoManager ReloadAssembly
Registering precompiled unity dll's ...
Register platform support module: C:/Program Files/Unity/Hub/Editor/2022.3.7f1/Editor/Data/PlaybackEngines/WebGLSupport/UnityEditor.WebGL.Extensions.dll
Register platform support module: C:/Program Files/Unity/Hub/Editor/2022.3.7f1/Editor/Data/PlaybackEngines/WindowsStandaloneSupport/UnityEditor.WindowsStandalone.Extensions.dll
Register platform support module: C:/Program Files/Unity/Hub/Editor/2022.3.7f1/Editor/Data/PlaybackEngines/MetroSupport/UnityEditor.UWP.Extensions.dll
Registered in 0.013933 seconds.
- Loaded All Assemblies, in  0.650 seconds
Native extension for UWP target not found
Native extension for WindowsStandalone target not found
Native extension for WebGL target not found
Mono: successfully reloaded assembly
- Finished resetting the current domain, in  0.440 seconds
Domain Reload Profiling: 1089ms
	BeginReloadAssembly (202ms)
		ExecutionOrderSort (0ms)
		DisableScriptedObjects (0ms)
		BackupInstance (0ms)
		ReleaseScriptingObjects (0ms)
		CreateAndSetChildDomain (1ms)
	RebuildCommonClasses (65ms)
	RebuildNativeTypeToScriptingClass (18ms)
	initialDomainReloadingComplete (106ms)
	LoadAllAssembliesAndSetupDomain (258ms)
		LoadAssemblies (202ms)
		RebuildTransferFunctionScriptingTraits (0ms)
		AnalyzeDomain (252ms)
			TypeCache.Refresh (250ms)
				TypeCache.ScanAssembly (228ms)
			ScanForSourceGeneratedMonoScriptInfo (1ms)
			ResolveRequiredComponents (1ms)
	FinalizeReload (441ms)
		ReleaseScriptCaches (0ms)
		RebuildScriptCaches (0ms)
		SetupLoadedEditorAssemblies (332ms)
			LogAssemblyErrors (0ms)
			InitializePlatformSupportModulesInManaged (18ms)
			SetLoadedEditorAssemblies (10ms)
			RefreshPlugins (0ms)
			BeforeProcessingInitializeOnLoad (4ms)
			ProcessInitializeOnLoadAttributes (214ms)
			ProcessInitializeOnLoadMethodAttributes (86ms)
			AfterProcessingInitializeOnLoad (0ms)
			EditorAssembliesLoaded (0ms)
		ExecutionOrderSort2 (0ms)
		AwakeInstancesAfterBackupRestoration (0ms)
========================================================================
Worker process is ready to serve import requests
Begin MonoManager ReloadAssembly
Symbol file LoadedFromMemory doesn't match image C:\UnityProject\tempProject_GP\Library\PackageCache\com.unity.visualscripting@1.8.0\Editor\VisualScripting.Core\Dependencies\YamlDotNet\Unity.VisualScripting.YamlDotNet.dll
Symbol file LoadedFromMemory doesn't match image C:\UnityProject\tempProject_GP\Library\PackageCache\com.unity.visualscripting@1.8.0\Editor\VisualScripting.Core\Dependencies\DotNetZip\Unity.VisualScripting.IonicZip.dll
- Loaded All Assemblies, in  1.087 seconds
Refreshing native plugins compatible for Editor in 4.10 ms, found 3 plugins.
Native extension for UWP target not found
Native extension for WindowsStandalone target not found
Native extension for WebGL target not found
Mono: successfully reloaded assembly
- Finished resetting the current domain, in  0.847 seconds
Domain Reload Profiling: 1929ms
	BeginReloadAssembly (283ms)
		ExecutionOrderSort (0ms)
		DisableScriptedObjects (9ms)
		BackupInstance (0ms)
		ReleaseScriptingObjects (0ms)
		CreateAndSetChildDomain (30ms)
	RebuildCommonClasses (56ms)
	RebuildNativeTypeToScriptingClass (18ms)
	initialDomainReloadingComplete (73ms)
	LoadAllAssembliesAndSetupDomain (652ms)
		LoadAssemblies (527ms)
		RebuildTransferFunctionScriptingTraits (0ms)
		AnalyzeDomain (292ms)
			TypeCache.Refresh (258ms)
				TypeCache.ScanAssembly (235ms)
			ScanForSourceGeneratedMonoScriptInfo (26ms)
			ResolveRequiredComponents (6ms)
	FinalizeReload (848ms)
		ReleaseScriptCaches (0ms)
		RebuildScriptCaches (0ms)
		SetupLoadedEditorAssemblies (598ms)
			LogAssemblyErrors (0ms)
			InitializePlatformSupportModulesInManaged (13ms)
			SetLoadedEditorAssemblies (5ms)
			RefreshPlugins (0ms)
			BeforeProcessingInitializeOnLoad (107ms)
			ProcessInitializeOnLoadAttributes (434ms)
			ProcessInitializeOnLoadMethodAttributes (30ms)
			AfterProcessingInitializeOnLoad (9ms)
			EditorAssembliesLoaded (0ms)
		ExecutionOrderSort2 (0ms)
		AwakeInstancesAfterBackupRestoration (21ms)
Launched and connected shader compiler UnityShaderCompiler.exe after 0.08 seconds
Refreshing native plugins compatible for Editor in 4.05 ms, found 3 plugins.
Preloading 0 native plugins for Editor in 0.00 ms.
Unloading 3482 Unused Serialized files (Serialized files now loaded: 0)
Unloading 36 unused Assets / (106.9 KB). Loaded Objects now: 3961.
Memory consumption went from 143.5 MB to 143.4 MB.
Total: 6.400300 ms (FindLiveObjects: 0.315200 ms CreateObjectMapping: 0.182800 ms MarkObjects: 5.678700 ms  DeleteObjects: 0.221900 ms)

AssetImportParameters requested are different than current active one (requested -> active):
  custom:container-demuxer-ogg: 62fdf1f143b41e24485cea50d1cbac27 -> 
  custom:video-decoder-ogg-theora: a1e56fd34408186e4bbccfd4996cb3dc -> 
  custom:framework-win-MediaFoundation: 216162199b28c13a410421893ffa2e32 -> 
  custom:container-demuxer-webm: 4f35f7cbe854078d1ac9338744f61a02 -> 
  custom:container-muxer-webm: aa71ff27fc2769a1b78a27578f13a17b -> 
  custom:video-decoder-webm-vp8: 9c59270c3fd7afecdb556c50c9e8de78 -> 
  custom:AudioImporter_EditorPlatform: d09bf68614088b80899f8185d706f6e7 -> 
  custom:video-encoder-webm-vp8: eb34c28f22e8b96e1ab97ce403110664 -> 
  custom:audio-decoder-ogg-vorbis: bf7c407c2cedff20999df2af8eb42d56 -> 
  custom:audio-encoder-webm-vorbis: bf7c407c2cedff20999df2af8eb42d56 -> 
========================================================================
Received Import Request.
  Time since last request: 8916.094197 seconds.
  path: Assets/New Terrain 1.asset
  artifactKey: Guid(0f237e26a650f6a41a0599b5512530ef) Importer(815301076,1909f56bfc062723c751e8b465ee728b)
Start importing Assets/New Terrain 1.asset using Guid(0f237e26a650f6a41a0599b5512530ef) Importer(815301076,1909f56bfc062723c751e8b465ee728b)  -> (artifact id: 'e6c95c9df30c77335a48ab153ba46297') in 0.023490 seconds
Number of updated asset objects reloaded before import = 0
Number of asset objects unloaded after import = 1
========================================================================
Received Prepare
Refreshing native plugins compatible for Editor in 4.14 ms, found 3 plugins.
Preloading 0 native plugins for Editor in 0.00 ms.
Unloading 1 Unused Serialized files (Serialized files now loaded: 0)
Unloading 2 unused Assets / (52.2 KB). Loaded Objects now: 3962.
Memory consumption went from 84.2 MB to 84.1 MB.
Total: 5.046400 ms (FindLiveObjects: 0.300900 ms CreateObjectMapping: 0.138400 ms MarkObjects: 4.498600 ms  DeleteObjects: 0.107300 ms)

Prepare: number of updated asset objects reloaded= 0
AssetImportParameters requested are different than current active one (requested -> active):
  custom:container-demuxer-ogg: 62fdf1f143b41e24485cea50d1cbac27 -> 
  custom:video-decoder-ogg-theora: a1e56fd34408186e4bbccfd4996cb3dc -> 
  custom:framework-win-MediaFoundation: 216162199b28c13a410421893ffa2e32 -> 
  custom:CustomObjectIndexerAttribute: 756ad292c208cfabdd7b50bc23989ffe -> 
  custom:container-demuxer-webm: 4f35f7cbe854078d1ac9338744f61a02 -> 
  custom:container-muxer-webm: aa71ff27fc2769a1b78a27578f13a17b -> 
  custom:video-decoder-webm-vp8: 9c59270c3fd7afecdb556c50c9e8de78 -> 
  custom:SearchIndexIgnoredProperties: e643bd26f0fe6173181afceb89e7c659 -> 
  custom:AudioImporter_EditorPlatform: d09bf68614088b80899f8185d706f6e7 -> 
  custom:video-encoder-webm-vp8: eb34c28f22e8b96e1ab97ce403110664 -> 
  custom:audio-decoder-ogg-vorbis: bf7c407c2cedff20999df2af8eb42d56 -> 
  custom:audio-encoder-webm-vorbis: bf7c407c2cedff20999df2af8eb42d56 -> 
========================================================================
Received Import Request.
  Time since last request: 77.416379 seconds.
  path: Assets/Material/pasted__blinn10 1.mat
  artifactKey: Guid(cac2cef5b7c11814c8174413a6967b5f) Importer(815301076,1909f56bfc062723c751e8b465ee728b)
Start importing Assets/Material/pasted__blinn10 1.mat using Guid(cac2cef5b7c11814c8174413a6967b5f) Importer(815301076,1909f56bfc062723c751e8b465ee728b)  -> (artifact id: 'b407dfcb07fb9be302ba14aa996f7db2') in 0.169417 seconds
Number of updated asset objects reloaded before import = 0
Number of asset objects unloaded after import = 1
========================================================================
Received Import Request.
  Time since last request: 48.879324 seconds.
  path: Assets/Material/pasted__blinn10 1.mat
  artifactKey: Guid(cac2cef5b7c11814c8174413a6967b5f) Importer(815301076,1909f56bfc062723c751e8b465ee728b)
Start importing Assets/Material/pasted__blinn10 1.mat using Guid(cac2cef5b7c11814c8174413a6967b5f) Importer(815301076,1909f56bfc062723c751e8b465ee728b)  -> (artifact id: '8566f32e536711f67d878b4823484ec4') in 0.058848 seconds
Number of updated asset objects reloaded before import = 0
Number of asset objects unloaded after import = 2
========================================================================
Received Import Request.
  Time since last request: 54.347059 seconds.
  path: Assets/Resource/CherryBlossoms.blend
  artifactKey: Guid(7c19f3c4a7369764a9a6d8f1df15ef4b) Importer(815301076,1909f56bfc062723c751e8b465ee728b)
Start importing Assets/Resource/CherryBlossoms.blend using Guid(7c19f3c4a7369764a9a6d8f1df15ef4b) Importer(815301076,1909f56bfc062723c751e8b465ee728b)  -> (artifact id: '3e4a12f9e5cd722d1192989b7c3a8107') in 0.310233 seconds
Number of updated asset objects reloaded before import = 0
Number of asset objects unloaded after import = 42
========================================================================
Received Import Request.
  Time since last request: 273.259729 seconds.
  path: Assets/Resource/cherry_foliage_plane.png
  artifactKey: Guid(bb94b19208ba9124e83b1fd48f446ddb) Importer(815301076,1909f56bfc062723c751e8b465ee728b)
Start importing Assets/Resource/cherry_foliage_plane.png using Guid(bb94b19208ba9124e83b1fd48f446ddb) Importer(815301076,1909f56bfc062723c751e8b465ee728b)  -> (artifact id: '9abcaa212e5c3810eccab50226cf88f6') in 0.055319 seconds
Number of updated asset objects reloaded before import = 0
Number of asset objects unloaded after import = 2
========================================================================
Received Import Request.
  Time since last request: 33.355662 seconds.
  path: Assets/Material/CherryBlossom.mat
  artifactKey: Guid(0b1638f72a89bd1489497918a24fa3e2) Importer(815301076,1909f56bfc062723c751e8b465ee728b)
Start importing Assets/Material/CherryBlossom.mat using Guid(0b1638f72a89bd1489497918a24fa3e2) Importer(815301076,1909f56bfc062723c751e8b465ee728b)  -> (artifact id: 'da5bc7f4217967c37dfc6993aff42f00') in 0.023850 seconds
Number of updated asset objects reloaded before import = 0
Number of asset objects unloaded after import = 1
========================================================================
Received Import Request.
  Time since last request: 84.389878 seconds.
  path: Assets/Material/CherryBlossom.mat
  artifactKey: Guid(0b1638f72a89bd1489497918a24fa3e2) Importer(815301076,1909f56bfc062723c751e8b465ee728b)
Start importing Assets/Material/CherryBlossom.mat using Guid(0b1638f72a89bd1489497918a24fa3e2) Importer(815301076,1909f56bfc062723c751e8b465ee728b)  -> (artifact id: 'b0d9b3793ed5913c87c292a8683bc4ea') in 0.029881 seconds
Number of updated asset objects reloaded before import = 0
Number of asset objects unloaded after import = 1
========================================================================
Received Import Request.
  Time since last request: 204.054037 seconds.
  path: Assets/Material/WOOD-0~1_LT.jpg
  artifactKey: Guid(45d36b3fbd97e3f45b606808bf0002a7) Importer(815301076,1909f56bfc062723c751e8b465ee728b)
Start importing Assets/Material/WOOD-0~1_LT.jpg using Guid(45d36b3fbd97e3f45b606808bf0002a7) Importer(815301076,1909f56bfc062723c751e8b465ee728b)  -> (artifact id: 'f6730027e31cd356aa0cacde025d6177') in 0.027327 seconds
Number of updated asset objects reloaded before import = 0
Number of asset objects unloaded after import = 2
========================================================================
Received Import Request.
  Time since last request: 10.632385 seconds.
  path: Assets/Resource/event-canopy (1).fbx
  artifactKey: Guid(95915d4608b905c4293d7c6c6cfb2afc) Importer(815301076,1909f56bfc062723c751e8b465ee728b)
Start importing Assets/Resource/event-canopy (1).fbx using Guid(95915d4608b905c4293d7c6c6cfb2afc) Importer(815301076,1909f56bfc062723c751e8b465ee728b)  -> (artifact id: '666ce00bd1c57e426185e0c417e33ca9') in 0.333493 seconds
Number of updated asset objects reloaded before import = 0
Number of asset objects unloaded after import = 203
========================================================================
Received Import Request.
  Time since last request: 16.025373 seconds.
  path: Assets/Material/wood.mat
  artifactKey: Guid(bfbd78e0717831b409637e518bb067d2) Importer(815301076,1909f56bfc062723c751e8b465ee728b)
Start importing Assets/Material/wood.mat using Guid(bfbd78e0717831b409637e518bb067d2) Importer(815301076,1909f56bfc062723c751e8b465ee728b)  -> (artifact id: '3f4fcd2108b46408eeeeae63746bf03a') in 0.024499 seconds
Number of updated asset objects reloaded before import = 0
Number of asset objects unloaded after import = 1
========================================================================
Received Import Request.
  Time since last request: 20.192107 seconds.
  path: Assets/Resource/event-canopy (1).fbx
  artifactKey: Guid(95915d4608b905c4293d7c6c6cfb2afc) Importer(815301076,1909f56bfc062723c751e8b465ee728b)
Start importing Assets/Resource/event-canopy (1).fbx using Guid(95915d4608b905c4293d7c6c6cfb2afc) Importer(815301076,1909f56bfc062723c751e8b465ee728b)  -> (artifact id: '08ffc758d650c366a6447d95c9ea8a95') in 0.322128 seconds
Number of updated asset objects reloaded before import = 0
Number of asset objects unloaded after import = 202
========================================================================
Received Import Request.
  Time since last request: 223.496722 seconds.
  path: Assets/Resource/event-canopy (1).fbx
  artifactKey: Guid(95915d4608b905c4293d7c6c6cfb2afc) Importer(815301076,1909f56bfc062723c751e8b465ee728b)
Start importing Assets/Resource/event-canopy (1).fbx using Guid(95915d4608b905c4293d7c6c6cfb2afc) Importer(815301076,1909f56bfc062723c751e8b465ee728b)  -> (artifact id: '88198ffc7029a5af1c8d9b365f9d2a06') in 0.274411 seconds
Number of updated asset objects reloaded before import = 0
Number of asset objects unloaded after import = 203
========================================================================
Received Import Request.
  Time since last request: 243.562214 seconds.
  path: Assets/Resource/untitled.obj
  artifactKey: Guid(4f730d6b52c81bb43b879e8acc4c6e6b) Importer(815301076,1909f56bfc062723c751e8b465ee728b)
Start importing Assets/Resource/untitled.obj using Guid(4f730d6b52c81bb43b879e8acc4c6e6b) Importer(815301076,1909f56bfc062723c751e8b465ee728b)  -> (artifact id: '1a2a2f96e3aa43b3816342329c68e0d4') in 0.111133 seconds
Number of updated asset objects reloaded before import = 0
Number of asset objects unloaded after import = 10
========================================================================
Received Import Request.
  Time since last request: 22.677694 seconds.
  path: Assets/Material/Pavement_Brick_001_COLOR.jpg
  artifactKey: Guid(c68943a17e6f9504abacb6cb2813da93) Importer(815301076,1909f56bfc062723c751e8b465ee728b)
Start importing Assets/Material/Pavement_Brick_001_COLOR.jpg using Guid(c68943a17e6f9504abacb6cb2813da93) Importer(815301076,1909f56bfc062723c751e8b465ee728b)  -> (artifact id: 'bdb111ed72342ea74d8412b1ca84ab11') in 0.036193 seconds
Number of updated asset objects reloaded before import = 0
Number of asset objects unloaded after import = 2
========================================================================
Received Import Request.
  Time since last request: 0.000119 seconds.
  path: Assets/Material/wood.mat
  artifactKey: Guid(bfbd78e0717831b409637e518bb067d2) Importer(815301076,1909f56bfc062723c751e8b465ee728b)
Start importing Assets/Material/wood.mat using Guid(bfbd78e0717831b409637e518bb067d2) Importer(815301076,1909f56bfc062723c751e8b465ee728b)  -> (artifact id: '6e9e9ad218e738d6ea53e692218731ca') in 0.041439 seconds
Number of updated asset objects reloaded before import = 0
Number of asset objects unloaded after import = 2
========================================================================
Received Import Request.
  Time since last request: 10.227399 seconds.
  path: Assets/Material/Bridge1.mat
  artifactKey: Guid(b8cb248d2f6f1ec478201a909dcca2a8) Importer(815301076,1909f56bfc062723c751e8b465ee728b)
Start importing Assets/Material/Bridge1.mat using Guid(b8cb248d2f6f1ec478201a909dcca2a8) Importer(815301076,1909f56bfc062723c751e8b465ee728b)  -> (artifact id: '2e2b3c6c3d6b2cd57c2cb4a032efffd3') in 0.036189 seconds
Number of updated asset objects reloaded before import = 0
Number of asset objects unloaded after import = 1
========================================================================
Received Import Request.
  Time since last request: 5.587469 seconds.
  path: Assets/Material/Bridge1.mat
  artifactKey: Guid(b8cb248d2f6f1ec478201a909dcca2a8) Importer(815301076,1909f56bfc062723c751e8b465ee728b)
Start importing Assets/Material/Bridge1.mat using Guid(b8cb248d2f6f1ec478201a909dcca2a8) Importer(815301076,1909f56bfc062723c751e8b465ee728b)  -> (artifact id: '95f5949a2c027bac59d4c70fe09f7bbd') in 0.030051 seconds
Number of updated asset objects reloaded before import = 0
Number of asset objects unloaded after import = 2
========================================================================
Received Import Request.
  Time since last request: 21.665249 seconds.
  path: Assets/Resource/Bridge.obj
  artifactKey: Guid(4f730d6b52c81bb43b879e8acc4c6e6b) Importer(815301076,1909f56bfc062723c751e8b465ee728b)
Start importing Assets/Resource/Bridge.obj using Guid(4f730d6b52c81bb43b879e8acc4c6e6b) Importer(815301076,1909f56bfc062723c751e8b465ee728b)  -> (artifact id: 'cac92689ed5245435d19dd2f6de71ddc') in 0.077306 seconds
Number of updated asset objects reloaded before import = 0
Number of asset objects unloaded after import = 10
========================================================================
Received Import Request.
  Time since last request: 91.654215 seconds.
  path: Assets/Material/Bridge1.mat
  artifactKey: Guid(b8cb248d2f6f1ec478201a909dcca2a8) Importer(815301076,1909f56bfc062723c751e8b465ee728b)
Start importing Assets/Material/Bridge1.mat using Guid(b8cb248d2f6f1ec478201a909dcca2a8) Importer(815301076,1909f56bfc062723c751e8b465ee728b)  -> (artifact id: '60b2edf71314dc8b614b366559cb974a') in 0.029262 seconds
Number of updated asset objects reloaded before import = 0
Number of asset objects unloaded after import = 2
========================================================================
Received Import Request.
  Time since last request: 1171.759890 seconds.
  path: Assets/Resource/vending machine.blend
  artifactKey: Guid(aec8cd04a68caf14e96a60d70e9e7cf2) Importer(815301076,1909f56bfc062723c751e8b465ee728b)
Start importing Assets/Resource/vending machine.blend using Guid(aec8cd04a68caf14e96a60d70e9e7cf2) Importer(815301076,1909f56bfc062723c751e8b465ee728b)  -> (artifact id: '65501f4142cf29199f0c6a1c7f53abff') in 0.101928 seconds
Number of updated asset objects reloaded before import = 0
Number of asset objects unloaded after import = 10
========================================================================
Received Import Request.
  Time since last request: 28.103408 seconds.
  path: Assets/Resource/vending machine.blend
  artifactKey: Guid(aec8cd04a68caf14e96a60d70e9e7cf2) Importer(815301076,1909f56bfc062723c751e8b465ee728b)
Start importing Assets/Resource/vending machine.blend using Guid(aec8cd04a68caf14e96a60d70e9e7cf2) Importer(815301076,1909f56bfc062723c751e8b465ee728b)  -> (artifact id: 'fdfa85ffd95b5f9fa1db0671a7659240') in 0.029090 seconds
Number of updated asset objects reloaded before import = 0
Number of asset objects unloaded after import = 10
========================================================================
Received Import Request.
  Time since last request: 119.455139 seconds.
  path: Assets/Resource/TexturesCom_Various0454_1_M.jpeg
  artifactKey: Guid(e4315b094178f84459c37194de0d0243) Importer(815301076,1909f56bfc062723c751e8b465ee728b)
Start importing Assets/Resource/TexturesCom_Various0454_1_M.jpeg using Guid(e4315b094178f84459c37194de0d0243) Importer(815301076,1909f56bfc062723c751e8b465ee728b)  -> (artifact id: 'b37967a0e8eee73cdf5564be4d40d193') in 0.037145 seconds
Number of updated asset objects reloaded before import = 0
Number of asset objects unloaded after import = 2
========================================================================
Received Import Request.
  Time since last request: 31.323704 seconds.
  path: Assets/Resource/vending machine.mat
  artifactKey: Guid(4865e0b2766773746b48e3d0c1a52321) Importer(815301076,1909f56bfc062723c751e8b465ee728b)
Start importing Assets/Resource/vending machine.mat using Guid(4865e0b2766773746b48e3d0c1a52321) Importer(815301076,1909f56bfc062723c751e8b465ee728b)  -> (artifact id: '498b093b0640b9a18f63b559c61d7923') in 0.020456 seconds
Number of updated asset objects reloaded before import = 0
Number of asset objects unloaded after import = 1
========================================================================
Received Import Request.
  Time since last request: 16.432855 seconds.
  path: Assets/Resource/Materials/cherry_foliage_plane.mat
  artifactKey: Guid(a0e0d6c1d272af447bc2e87aaa4a8813) Importer(815301076,1909f56bfc062723c751e8b465ee728b)
Start importing Assets/Resource/Materials/cherry_foliage_plane.mat using Guid(a0e0d6c1d272af447bc2e87aaa4a8813) Importer(815301076,1909f56bfc062723c751e8b465ee728b)  -> (artifact id: '4d89edc410591fc45601e3b6b3fabd1a') in 0.020298 seconds
Number of updated asset objects reloaded before import = 0
Number of asset objects unloaded after import = 2
========================================================================
Received Import Request.
  Time since last request: 0.000031 seconds.
  path: Assets/Resource/Materials/Material.002.mat
  artifactKey: Guid(d9afb663defe8b84096850e945240c5d) Importer(815301076,1909f56bfc062723c751e8b465ee728b)
Start importing Assets/Resource/Materials/Material.002.mat using Guid(d9afb663defe8b84096850e945240c5d) Importer(815301076,1909f56bfc062723c751e8b465ee728b)  -> (artifact id: 'b465f409236a4ce19555f9d454edb845') in 0.018973 seconds
Number of updated asset objects reloaded before import = 0
Number of asset objects unloaded after import = 1
========================================================================
Received Import Request.
  Time since last request: 18.990595 seconds.
  path: Assets/Resource/vending machine.blend
  artifactKey: Guid(aec8cd04a68caf14e96a60d70e9e7cf2) Importer(815301076,1909f56bfc062723c751e8b465ee728b)
Start importing Assets/Resource/vending machine.blend using Guid(aec8cd04a68caf14e96a60d70e9e7cf2) Importer(815301076,1909f56bfc062723c751e8b465ee728b)  -> (artifact id: 'ae2b856389154ae7f24dd66d6b6f705a') in 0.027290 seconds
Number of updated asset objects reloaded before import = 0
Number of asset objects unloaded after import = 10
========================================================================
Received Import Request.
  Time since last request: 446.879954 seconds.
  path: Assets/Resource/vending machine.blend
  artifactKey: Guid(aec8cd04a68caf14e96a60d70e9e7cf2) Importer(815301076,1909f56bfc062723c751e8b465ee728b)
Start importing Assets/Resource/vending machine.blend using Guid(aec8cd04a68caf14e96a60d70e9e7cf2) Importer(815301076,1909f56bfc062723c751e8b465ee728b)  -> (artifact id: '46005839f9466d51a8d8f405d92ba5ba') in 0.096823 seconds
Number of updated asset objects reloaded before import = 0
Number of asset objects unloaded after import = 11
========================================================================
Received Import Request.
  Time since last request: 8.638026 seconds.
  path: Assets/Resource/LowPolyTrees 1.blend
  artifactKey: Guid(d95f4b150dec4f14a829da7c3cb9f347) Importer(815301076,1909f56bfc062723c751e8b465ee728b)
Start importing Assets/Resource/LowPolyTrees 1.blend using Guid(d95f4b150dec4f14a829da7c3cb9f347) Importer(815301076,1909f56bfc062723c751e8b465ee728b)  -> (artifact id: 'e621fe5c01f6dcd96ba35f3b764c69aa') in 0.174015 seconds
Number of updated asset objects reloaded before import = 0
Number of asset objects unloaded after import = 22
========================================================================
Received Import Request.
  Time since last request: 28.592280 seconds.
  path: Assets/Resource/LowPolyTrees.blend
  artifactKey: Guid(16d8abb6091709d4c8dfe8b7459bc88b) Importer(815301076,1909f56bfc062723c751e8b465ee728b)
Start importing Assets/Resource/LowPolyTrees.blend using Guid(16d8abb6091709d4c8dfe8b7459bc88b) Importer(815301076,1909f56bfc062723c751e8b465ee728b)  -> (artifact id: '59dded25babaf55bdb1ddb68e71211c5') in 0.165953 seconds
Number of updated asset objects reloaded before import = 0
Number of asset objects unloaded after import = 22
========================================================================
Received Import Request.
  Time since last request: 365.189958 seconds.
  path: Assets/Day-Night Skyboxes/Textures/SkyAfterNoon_Back.png
  artifactKey: Guid(c01c0eb1cbd649e44a59f130b953a379) Importer(815301076,1909f56bfc062723c751e8b465ee728b)
Start importing Assets/Day-Night Skyboxes/Textures/SkyAfterNoon_Back.png using Guid(c01c0eb1cbd649e44a59f130b953a379) Importer(815301076,1909f56bfc062723c751e8b465ee728b)  -> (artifact id: 'fb2097525537d609512be99504d3466c') in 0.036633 seconds
Number of updated asset objects reloaded before import = 0
Number of asset objects unloaded after import = 2
========================================================================
Received Import Request.
  Time since last request: 0.000131 seconds.
  path: Assets/Day-Night Skyboxes/Textures/SkyAfterNoon_Front.png
  artifactKey: Guid(801a87c5db92ace45a6a9346777f1f5f) Importer(815301076,1909f56bfc062723c751e8b465ee728b)
Start importing Assets/Day-Night Skyboxes/Textures/SkyAfterNoon_Front.png using Guid(801a87c5db92ace45a6a9346777f1f5f) Importer(815301076,1909f56bfc062723c751e8b465ee728b)  -> (artifact id: '3c6149369e4bb65ac26fdef86fc2d951') in 0.024001 seconds
Number of updated asset objects reloaded before import = 0
Number of asset objects unloaded after import = 2
========================================================================
Received Import Request.
  Time since last request: 0.006848 seconds.
  path: Assets/Day-Night Skyboxes/Textures/SkyAfterNoon_Top.png
  artifactKey: Guid(31b24bb50a20c0047b30ee5fc78848b2) Importer(815301076,1909f56bfc062723c751e8b465ee728b)
Start importing Assets/Day-Night Skyboxes/Textures/SkyAfterNoon_Top.png using Guid(31b24bb50a20c0047b30ee5fc78848b2) Importer(815301076,1909f56bfc062723c751e8b465ee728b)  -> (artifact id: 'a0399f34adf0d8f5bafece611f9b8d01') in 0.042009 seconds
Number of updated asset objects reloaded before import = 0
Number of asset objects unloaded after import = 2
========================================================================
Received Import Request.
  Time since last request: 0.008054 seconds.
  path: Assets/Day-Night Skyboxes/Textures/SkyBrightMorning_Right.png
  artifactKey: Guid(62f6306d636d810479805f34fa875e27) Importer(815301076,1909f56bfc062723c751e8b465ee728b)
Start importing Assets/Day-Night Skyboxes/Textures/SkyBrightMorning_Right.png using Guid(62f6306d636d810479805f34fa875e27) Importer(815301076,1909f56bfc062723c751e8b465ee728b)  -> (artifact id: 'b9ec9457ed9dc88196dda2a610fbdbd5') in 0.037947 seconds
Number of updated asset objects reloaded before import = 0
Number of asset objects unloaded after import = 2
========================================================================
Received Import Request.
  Time since last request: 0.011706 seconds.
  path: Assets/Day-Night Skyboxes/Textures/SkyCloudy_Back.png
  artifactKey: Guid(fc3b33a42f371924590f4be9850f78ae) Importer(815301076,1909f56bfc062723c751e8b465ee728b)
Start importing Assets/Day-Night Skyboxes/Textures/SkyCloudy_Back.png using Guid(fc3b33a42f371924590f4be9850f78ae) Importer(815301076,1909f56bfc062723c751e8b465ee728b)  -> (artifact id: '2a848bb1c5ebfca7f179f85780c1944f') in 0.059437 seconds
Number of updated asset objects reloaded before import = 0
Number of asset objects unloaded after import = 2
========================================================================
Received Import Request.
  Time since last request: 0.000251 seconds.
  path: Assets/Day-Night Skyboxes/Textures/SkyCloudy_Left.png
  artifactKey: Guid(bcc8c05874f1a2748a8df9f4a201b172) Importer(815301076,1909f56bfc062723c751e8b465ee728b)
Start importing Assets/Day-Night Skyboxes/Textures/SkyCloudy_Left.png using Guid(bcc8c05874f1a2748a8df9f4a201b172) Importer(815301076,1909f56bfc062723c751e8b465ee728b)  -> (artifact id: 'a0f11c11385f68a733eb8697370d8a2d') in 0.037251 seconds
Number of updated asset objects reloaded before import = 0
Number of asset objects unloaded after import = 2
========================================================================
Received Import Request.
  Time since last request: 0.000132 seconds.
  path: Assets/Day-Night Skyboxes/Textures/SkyBrightMorning_Front.png
  artifactKey: Guid(57167e32cb5ff7d459d9609721381501) Importer(815301076,1909f56bfc062723c751e8b465ee728b)
Start importing Assets/Day-Night Skyboxes/Textures/SkyBrightMorning_Front.png using Guid(57167e32cb5ff7d459d9609721381501) Importer(815301076,1909f56bfc062723c751e8b465ee728b)  -> (artifact id: '7487ec70fd13921878e18228b86c5cde') in 0.038724 seconds
Number of updated asset objects reloaded before import = 0
Number of asset objects unloaded after import = 2
========================================================================
Received Import Request.
  Time since last request: 0.000274 seconds.
  path: Assets/Day-Night Skyboxes/Textures/SkyBrightMorning_Left.png
  artifactKey: Guid(7c7a8084134bd4a4bb75893e64cdd050) Importer(815301076,1909f56bfc062723c751e8b465ee728b)
Start importing Assets/Day-Night Skyboxes/Textures/SkyBrightMorning_Left.png using Guid(7c7a8084134bd4a4bb75893e64cdd050) Importer(815301076,1909f56bfc062723c751e8b465ee728b)  -> (artifact id: '1d6c6f11092677ec06f876f72770f5aa') in 0.040078 seconds
Number of updated asset objects reloaded before import = 0
Number of asset objects unloaded after import = 2
Editor requested this worker to shutdown with reason: Scaling down because of idle timeout
TcpMessagingSession - receive error: operation aborted. errorcode: 995, details: 스레드 종료 또는 응용 프로그램 요청 때문에 I/O 작업이 취소되었습니다.
AssetImportWorker is now disconnected from the server
Process exiting
Exiting without the bug reporter. Application will terminate with return code 0